<?xml version="1.0" encoding="UTF-8"?>
<testsuite xmlns:xsi="http://www.w3.org/2001/XMLSchema-instance" xsi:noNamespaceSchemaLocation="https://maven.apache.org/surefire/maven-surefire-plugin/xsd/surefire-test-report.xsd" name="org.example.jdbc.dao.mysql.MysqlTeacherDAOTest" time="0.081" tests="5" errors="0" skipped="0" failures="0">
  <properties>
[...]
</properties>
  <testcase name="delete" classname="org.example.jdbc.dao.mysql.MysqlTeacherDAOTest" time="0"/>
  <testcase name="getAll" classname="org.example.jdbc.dao.mysql.MysqlTeacherDAOTest" time="0.017"/>
  <testcase name="insert" classname="org.example.jdbc.dao.mysql.MysqlTeacherDAOTest" time="0.028"/>
  <testcase name="get" classname="org.example.jdbc.dao.mysql.MysqlTeacherDAOTest" time="0.032"/>
  <testcase name="edit" classname="org.example.jdbc.dao.mysql.MysqlTeacherDAOTest" time="0"/>
</testsuite>